<?xml version="1.0" encoding="UTF-8"?>
<coverage generated="1711286398923" clover="3.2.0">
  <project timestamp="1711286398923" name="All files">
    <metrics statements="26" coveredstatements="25" conditionals="1" coveredconditionals="0" methods="5" coveredmethods="4" elements="32" coveredelements="29" complexity="0" loc="26" ncloc="26" packages="1" files="1" classes="1"/>
    <file name="use-ripple.ts" path="/Users/bdirheimer/react-ripple-hook/src/use-ripple.ts">
      <metrics statements="26" coveredstatements="25" conditionals="1" coveredconditionals="0" methods="5" coveredmethods="4"/>
      <line num="2" count="1" type="stmt"/>
      <line num="25" count="1" type="stmt"/>
      <line num="29" count="1" type="stmt"/>
      <line num="31" count="1" type="stmt"/>
      <line num="32" count="1" type="stmt"/>
      <line num="34" count="1" type="stmt"/>
      <line num="35" count="1" type="stmt"/>
      <line num="36" count="1" type="stmt"/>
      <line num="38" count="1" type="stmt"/>
      <line num="44" count="1" type="stmt"/>
      <line num="45" count="1" type="stmt"/>
      <line num="46" count="1" type="stmt"/>
      <line num="47" count="1" type="stmt"/>
      <line num="48" count="1" type="stmt"/>
      <line num="49" count="1" type="stmt"/>
      <line num="50" count="1" type="stmt"/>
      <line num="52" count="1" type="stmt"/>
      <line num="53" count="1" type="stmt"/>
      <line num="54" count="1" type="stmt"/>
      <line num="56" count="1" type="stmt"/>
      <line num="57" count="1" type="stmt"/>
      <line num="64" count="1" type="stmt"/>
      <line num="65" count="0" type="stmt"/>
      <line num="68" count="1" type="stmt"/>
      <line num="69" count="1" type="stmt"/>
      <line num="70" count="1" type="stmt"/>
    </file>
  </project>
</coverage>
