{
    "/Users/bdirheimer/react-ripple-hook/src/use-ripple.ts": {
        "path": "/Users/bdirheimer/react-ripple-hook/src/use-ripple.ts",
        "statementMap": {
            "0": {
                "start": {
                    "line": 2,
                    "column": 0
                },
                "end": {
                    "line": 2,
                    "column": 59
                }
            },
            "1": {
                "start": {
                    "line": 29,
                    "column": 27
                },
                "end": {
                    "line": 29,
                    "column": 63
                }
            },
            "2": {
                "start": {
                    "line": 31,
                    "column": 4
                },
                "end": {
                    "line": 72,
                    "column": 51
                }
            },
            "3": {
                "start": {
                    "line": 32,
                    "column": 21
                },
                "end": {
                    "line": 32,
                    "column": 39
                }
            },
            "4": {
                "start": {
                    "line": 34,
                    "column": 29
                },
                "end": {
                    "line": 67,
                    "column": 9
                }
            },
            "5": {
                "start": {
                    "line": 35,
                    "column": 27
                },
                "end": {
                    "line": 35,
                    "column": 54
                }
            },
            "6": {
                "start": {
                    "line": 36,
                    "column": 25
                },
                "end": {
                    "line": 36,
                    "column": 55
                }
            },
            "7": {
                "start": {
                    "line": 38,
                    "column": 34
                },
                "end": {
                    "line": 42,
                    "column": null
                }
            },
            "8": {
                "start": {
                    "line": 44,
                    "column": 27
                },
                "end": {
                    "line": 44,
                    "column": 40
                }
            },
            "9": {
                "start": {
                    "line": 45,
                    "column": 28
                },
                "end": {
                    "line": 45,
                    "column": 57
                }
            },
            "10": {
                "start": {
                    "line": 46,
                    "column": 12
                },
                "end": {
                    "line": 46,
                    "column": 44
                }
            },
            "11": {
                "start": {
                    "line": 47,
                    "column": 12
                },
                "end": {
                    "line": 47,
                    "column": 74
                }
            },
            "12": {
                "start": {
                    "line": 48,
                    "column": 12
                },
                "end": {
                    "line": 48,
                    "column": 47
                }
            },
            "13": {
                "start": {
                    "line": 49,
                    "column": 12
                },
                "end": {
                    "line": 49,
                    "column": 49
                }
            },
            "14": {
                "start": {
                    "line": 50,
                    "column": 12
                },
                "end": {
                    "line": 50,
                    "column": 48
                }
            },
            "15": {
                "start": {
                    "line": 52,
                    "column": 12
                },
                "end": {
                    "line": 52,
                    "column": 75
                }
            },
            "16": {
                "start": {
                    "line": 53,
                    "column": 12
                },
                "end": {
                    "line": 53,
                    "column": 73
                }
            },
            "17": {
                "start": {
                    "line": 54,
                    "column": 12
                },
                "end": {
                    "line": 54,
                    "column": 75
                }
            },
            "18": {
                "start": {
                    "line": 56,
                    "column": 12
                },
                "end": {
                    "line": 56,
                    "column": 40
                }
            },
            "19": {
                "start": {
                    "line": 57,
                    "column": 12
                },
                "end": {
                    "line": 63,
                    "column": 14
                }
            },
            "20": {
                "start": {
                    "line": 64,
                    "column": 12
                },
                "end": {
                    "line": 66,
                    "column": 20
                }
            },
            "21": {
                "start": {
                    "line": 65,
                    "column": 16
                },
                "end": {
                    "line": 65,
                    "column": 33
                }
            },
            "22": {
                "start": {
                    "line": 68,
                    "column": 8
                },
                "end": {
                    "line": 68,
                    "column": 54
                }
            },
            "23": {
                "start": {
                    "line": 69,
                    "column": 8
                },
                "end": {
                    "line": 71,
                    "column": 10
                }
            },
            "24": {
                "start": {
                    "line": 70,
                    "column": 12
                },
                "end": {
                    "line": 70,
                    "column": 61
                }
            },
            "25": {
                "start": {
                    "line": 25,
                    "column": 0
                },
                "end": {
                    "line": 25,
                    "column": 16
                }
            }
        },
        "fnMap": {
            "0": {
                "name": "useRipple",
                "decl": {
                    "start": {
                        "line": 25,
                        "column": 16
                    },
                    "end": {
                        "line": 25,
                        "column": 25
                    }
                },
                "loc": {
                    "start": {
                        "line": 28,
                        "column": 23
                    },
                    "end": {
                        "line": 73,
                        "column": 1
                    }
                }
            },
            "1": {
                "name": "(anonymous_1)",
                "decl": {
                    "start": {
                        "line": 31,
                        "column": 14
                    },
                    "end": {
                        "line": 31,
                        "column": 17
                    }
                },
                "loc": {
                    "start": {
                        "line": 31,
                        "column": 19
                    },
                    "end": {
                        "line": 72,
                        "column": 5
                    }
                }
            },
            "2": {
                "name": "(anonymous_2)",
                "decl": {
                    "start": {
                        "line": 34,
                        "column": 29
                    },
                    "end": {
                        "line": 34,
                        "column": 30
                    }
                },
                "loc": {
                    "start": {
                        "line": 34,
                        "column": 51
                    },
                    "end": {
                        "line": 67,
                        "column": 9
                    }
                }
            },
            "3": {
                "name": "(anonymous_3)",
                "decl": {
                    "start": {
                        "line": 64,
                        "column": 23
                    },
                    "end": {
                        "line": 64,
                        "column": 26
                    }
                },
                "loc": {
                    "start": {
                        "line": 64,
                        "column": 28
                    },
                    "end": {
                        "line": 66,
                        "column": 13
                    }
                }
            },
            "4": {
                "name": "(anonymous_4)",
                "decl": {
                    "start": {
                        "line": 69,
                        "column": 15
                    },
                    "end": {
                        "line": 69,
                        "column": 18
                    }
                },
                "loc": {
                    "start": {
                        "line": 69,
                        "column": 20
                    },
                    "end": {
                        "line": 71,
                        "column": 9
                    }
                }
            }
        },
        "branchMap": {
            "0": {
                "loc": {
                    "start": {
                        "line": 27,
                        "column": 4
                    },
                    "end": {
                        "line": 27,
                        "column": 59
                    }
                },
                "type": "default-arg",
                "locations": [
                    {
                        "start": {
                            "line": 27,
                            "column": 18
                        },
                        "end": {
                            "line": 27,
                            "column": 59
                        }
                    }
                ]
            }
        },
        "s": {
            "0": 1,
            "1": 1,
            "2": 1,
            "3": 1,
            "4": 1,
            "5": 1,
            "6": 1,
            "7": 1,
            "8": 1,
            "9": 1,
            "10": 1,
            "11": 1,
            "12": 1,
            "13": 1,
            "14": 1,
            "15": 1,
            "16": 1,
            "17": 1,
            "18": 1,
            "19": 1,
            "20": 1,
            "21": 0,
            "22": 1,
            "23": 1,
            "24": 1,
            "25": 1
        },
        "f": {
            "0": 1,
            "1": 1,
            "2": 1,
            "3": 0,
            "4": 1
        },
        "b": {
            "0": [
                0
            ]
        }
    }
}